<project name="MyProject" default="dist" basedir=".">
	<description>
		simple example build file to run all JUnit test and create report
	</description>
	<!-- set global properties for this build -->
	<property name="src" location="src"/>
	<property name="build" location="build"/>
	<property name="dist" location="dist"/>
	
	<target name="junit-test" description="Run all junit tests">
        <junit printsummary="yes" haltonfailure="false">
            <classpath refid="test.class.path"/>
            <formatter type="xml"/>
            <batchtest fork="yes" todir="C:/junit/output">
                <fileset dir="C:/junit/sourcecode">
                    <include name="**/*Test.java"/>
                </fileset>
            </batchtest>
        </junit>
        <junitreport todir="C:/junit/output">
            <fileset dir="C:/junit/output">
                <include name="TEST-*.xml"/>
            </fileset>
            <report todir="C:/junit/output" format="frames"/>
        </junitreport>
    </target>
</project>

